2022-06-25 09:02:09,479 INFO  [org.pentaho.platform.engine.core.system.status.PeriodicStatusLogger] Caution, the system is initializing. Do not shut down or restart the system at this time.
2022-06-25 09:02:10,682 INFO  [org.pentaho.platform.osgi.OSGIBoot] Checking to see if org.pentaho.clean.karaf.cache is enabled
2022-06-25 09:02:10,804 INFO  [org.pentaho.platform.osgi.KarafInstance] 
*******************************************************************************
*** Karaf Instance Number: 1 at /opt/pentaho/pentaho-server/pentaho-solutio ***
***   ns/system/karaf/caches/default/data-1                                 ***
*** Karaf Port:8802                                                         ***
*** OSGI Service Port:9051                                                  ***
*******************************************************************************
2022-06-25 09:02:14,325 DEBUG [org.pentaho.di.core.vfs.ConcurrentFileSystemManager] Using "/opt/pentaho/pentaho-server/tomcat/temp/vfs_cache" as temporary files store.
2022-06-25 09:02:14,763 DEBUG [org.pentaho.di.core.vfs.ConcurrentFileSystemManager] Skipping provider "org.apache.commons.vfs2.provider.webdav.WebdavFileProvider" because required class "org.apache.jackrabbit.webdav.client.methods.DavMethod" is not available.
2022-06-25 09:02:39,481 INFO  [org.pentaho.platform.engine.core.system.status.PeriodicStatusLogger] Caution, the system is initializing. Do not shut down or restart the system at this time.
2022-06-25 09:02:41,898 ERROR [org.pentaho.di] 2022/06/25 09:02:41 - Plugin type - ERROR (version 9.0.0.0-423, build 9.0.0.0-423 from 2020-01-31 04.53.04 by buildguy) : 
2022/06/25 09:02:41 - Plugin type - 
2022/06/25 09:02:41 - Plugin type - Unable to list jar files in plugin folder '/opt/pentaho/pentaho-server/pentaho-solutions/system'
2022/06/25 09:02:41 - Plugin type - Could not find files in "file:///opt/pentaho/pentaho-server/pentaho-solutions/system".
2022/06/25 09:02:41 - Plugin type - 
2022/06/25 09:02:41 - Plugin type - Could not find files in "file:///opt/pentaho/pentaho-server/pentaho-solutions/system".
2022-06-25 09:02:41,908 ERROR [org.pentaho.di] 2022/06/25 09:02:41 - Plugin type - ERROR (version 9.0.0.0-423, build 9.0.0.0-423 from 2020-01-31 04.53.04 by buildguy) : org.pentaho.di.core.exception.KettleFileException: 
2022/06/25 09:02:41 - Plugin type - 
2022/06/25 09:02:41 - Plugin type - Unable to list jar files in plugin folder '/opt/pentaho/pentaho-server/pentaho-solutions/system'
2022/06/25 09:02:41 - Plugin type - Could not find files in "file:///opt/pentaho/pentaho-server/pentaho-solutions/system".
2022/06/25 09:02:41 - Plugin type - 
2022/06/25 09:02:41 - Plugin type - Could not find files in "file:///opt/pentaho/pentaho-server/pentaho-solutions/system".
2022/06/25 09:02:41 - Plugin type - 
2022/06/25 09:02:41 - Plugin type - 	at org.pentaho.di.core.plugins.PluginFolder.findJarFiles(PluginFolder.java:143)
2022/06/25 09:02:41 - Plugin type - 	at org.pentaho.di.core.plugins.PluginFolder.findJarFiles(PluginFolder.java:117)
2022/06/25 09:02:41 - Plugin type - 	at org.pentaho.di.core.plugins.JarFileCache.getFileObjects(JarFileCache.java:66)
2022/06/25 09:02:41 - Plugin type - 	at org.pentaho.di.core.plugins.BasePluginType.findAnnotatedClassFiles(BasePluginType.java:394)
2022/06/25 09:02:41 - Plugin type - 	at org.pentaho.di.core.plugins.BasePluginType.registerPluginJars(BasePluginType.java:702)
2022/06/25 09:02:41 - Plugin type - 	at org.pentaho.di.core.plugins.BasePluginType.searchPlugins(BasePluginType.java:184)
2022/06/25 09:02:41 - Plugin type - 	at org.pentaho.di.core.plugins.PluginRegistry.registerType(PluginRegistry.java:605)
2022/06/25 09:02:41 - Plugin type - 	at org.pentaho.di.core.plugins.PluginRegistry.init(PluginRegistry.java:577)
2022/06/25 09:02:41 - Plugin type - 	at org.pentaho.di.core.plugins.PluginRegistry.init(PluginRegistry.java:545)
2022/06/25 09:02:41 - Plugin type - 	at org.pentaho.di.core.KettleEnvironment.init(KettleEnvironment.java:145)
2022/06/25 09:02:41 - Plugin type - 	at org.pentaho.di.core.KettleEnvironment.init(KettleEnvironment.java:100)
2022/06/25 09:02:41 - Plugin type - 	at org.pentaho.platform.plugin.action.kettle.KettleSystemListener.environmentInit(KettleSystemListener.java:175)
2022/06/25 09:02:41 - Plugin type - 	at org.pentaho.platform.plugin.action.kettle.KettleSystemListener.startup(KettleSystemListener.java:82)
2022/06/25 09:02:41 - Plugin type - 	at org.pentaho.platform.engine.core.system.PentahoSystem$2.call(PentahoSystem.java:474)
2022/06/25 09:02:41 - Plugin type - 	at org.pentaho.platform.engine.core.system.PentahoSystem$2.call(PentahoSystem.java:465)
2022/06/25 09:02:41 - Plugin type - 	at org.pentaho.platform.engine.core.system.PentahoSystem.runAsSystem(PentahoSystem.java:444)
2022/06/25 09:02:41 - Plugin type - 	at org.pentaho.platform.engine.core.system.PentahoSystem.notifySystemListenersOfStartup(PentahoSystem.java:465)
2022/06/25 09:02:41 - Plugin type - 	at org.pentaho.platform.engine.core.system.PentahoSystem.access$000(PentahoSystem.java:87)
2022/06/25 09:02:41 - Plugin type - 	at org.pentaho.platform.engine.core.system.PentahoSystem$1.call(PentahoSystem.java:396)
2022/06/25 09:02:41 - Plugin type - 	at org.pentaho.platform.engine.core.system.PentahoSystem$1.call(PentahoSystem.java:393)
2022/06/25 09:02:41 - Plugin type - 	at org.pentaho.platform.engine.core.system.PentahoSystem.runAsSystem(PentahoSystem.java:444)
2022/06/25 09:02:41 - Plugin type - 	at org.pentaho.platform.engine.core.system.PentahoSystem.notifySystemListenersOfStartup(PentahoSystem.java:393)
2022/06/25 09:02:41 - Plugin type - 	at org.pentaho.platform.engine.core.system.PentahoSystem.init(PentahoSystem.java:363)
2022/06/25 09:02:41 - Plugin type - 	at org.pentaho.platform.engine.core.system.PentahoSystem.init(PentahoSystem.java:246)
2022/06/25 09:02:41 - Plugin type - 	at org.pentaho.platform.web.http.context.SolutionContextListener.contextInitialized(SolutionContextListener.java:164)
2022/06/25 09:02:41 - Plugin type - 	at org.apache.catalina.core.StandardContext.listenerStart(StandardContext.java:4792)
2022/06/25 09:02:41 - Plugin type - 	at org.apache.catalina.core.StandardContext.startInternal(StandardContext.java:5256)
2022/06/25 09:02:41 - Plugin type - 	at org.apache.catalina.util.LifecycleBase.start(LifecycleBase.java:150)
2022/06/25 09:02:41 - Plugin type - 	at org.apache.catalina.core.ContainerBase.addChildInternal(ContainerBase.java:754)
2022/06/25 09:02:41 - Plugin type - 	at org.apache.catalina.core.ContainerBase.addChild(ContainerBase.java:730)
2022/06/25 09:02:41 - Plugin type - 	at org.apache.catalina.core.StandardHost.addChild(StandardHost.java:734)
2022/06/25 09:02:41 - Plugin type - 	at org.apache.catalina.startup.HostConfig.deployDirectory(HostConfig.java:1140)
2022/06/25 09:02:41 - Plugin type - 	at org.apache.catalina.startup.HostConfig$DeployDirectory.run(HostConfig.java:1875)
2022/06/25 09:02:41 - Plugin type - 	at java.util.concurrent.Executors$RunnableAdapter.call(Executors.java:511)
2022/06/25 09:02:41 - Plugin type - 	at java.util.concurrent.FutureTask.run(FutureTask.java:266)
2022/06/25 09:02:41 - Plugin type - 	at java.util.concurrent.ThreadPoolExecutor.runWorker(ThreadPoolExecutor.java:1149)
2022/06/25 09:02:41 - Plugin type - 	at java.util.concurrent.ThreadPoolExecutor$Worker.run(ThreadPoolExecutor.java:624)
2022/06/25 09:02:41 - Plugin type - 	at java.lang.Thread.run(Thread.java:750)
2022/06/25 09:02:41 - Plugin type - Caused by: org.apache.commons.vfs2.FileSystemException: Could not find files in "file:///opt/pentaho/pentaho-server/pentaho-solutions/system".
2022/06/25 09:02:41 - Plugin type - 	at org.apache.commons.vfs2.provider.AbstractFileObject.findFiles(AbstractFileObject.java:946)
2022/06/25 09:02:41 - Plugin type - 	at org.apache.commons.vfs2.provider.AbstractFileObject.listFiles(AbstractFileObject.java:1560)
2022/06/25 09:02:41 - Plugin type - 	at org.apache.commons.vfs2.provider.AbstractFileObject.findFiles(AbstractFileObject.java:921)
2022/06/25 09:02:41 - Plugin type - 	at org.pentaho.di.core.plugins.PluginFolder.findJarFiles(PluginFolder.java:127)
2022/06/25 09:02:41 - Plugin type - 	... 37 more
2022/06/25 09:02:41 - Plugin type - Caused by: org.apache.commons.vfs2.FileNotFolderException: Could not list the contents of "file:///opt/pentaho/pentaho-server/pentaho-solutions/system/jackrabbit/repository" because it is not a folder.
2022/06/25 09:02:41 - Plugin type - 	at org.apache.commons.vfs2.provider.AbstractFileObject.getChildren(AbstractFileObject.java:1036)
2022/06/25 09:02:41 - Plugin type - 	at org.apache.commons.vfs2.provider.AbstractFileObject.getChild(AbstractFileObject.java:969)
2022/06/25 09:02:41 - Plugin type - 	at org.pentaho.di.core.plugins.PluginFolder$1.traverseDescendents(PluginFolder.java:132)
2022/06/25 09:02:41 - Plugin type - 	at org.apache.commons.vfs2.provider.AbstractFileObject.traverse(AbstractFileObject.java:116)
2022/06/25 09:02:41 - Plugin type - 	at org.apache.commons.vfs2.provider.AbstractFileObject.traverse(AbstractFileObject.java:124)
2022/06/25 09:02:41 - Plugin type - 	at org.apache.commons.vfs2.provider.AbstractFileObject.traverse(AbstractFileObject.java:124)
2022/06/25 09:02:41 - Plugin type - 	at org.apache.commons.vfs2.provider.AbstractFileObject.findFiles(AbstractFileObject.java:943)
2022/06/25 09:02:41 - Plugin type - 	... 40 more
2022-06-25 09:03:09,506 INFO  [org.pentaho.platform.engine.core.system.status.PeriodicStatusLogger] Caution, the system is initializing. Do not shut down or restart the system at this time.
2022-06-25 09:03:40,715 INFO  [org.pentaho.platform.engine.core.system.status.PeriodicStatusLogger] Caution, the system is initializing. Do not shut down or restart the system at this time.
2022-06-25 09:04:11,001 INFO  [org.pentaho.platform.engine.core.system.status.PeriodicStatusLogger] Caution, the system is initializing. Do not shut down or restart the system at this time.
2022-06-25 09:04:42,172 INFO  [org.pentaho.platform.engine.core.system.status.PeriodicStatusLogger] Caution, the system is initializing. Do not shut down or restart the system at this time.
2022-06-25 09:05:14,666 INFO  [org.pentaho.platform.engine.core.system.status.PeriodicStatusLogger] Caution, the system is initializing. Do not shut down or restart the system at this time.
2022-06-25 09:05:45,318 INFO  [org.pentaho.platform.engine.core.system.status.PeriodicStatusLogger] Caution, the system is initializing. Do not shut down or restart the system at this time.
2022-06-25 09:06:27,968 INFO  [org.pentaho.platform.engine.core.system.status.PeriodicStatusLogger] Caution, the system is initializing. Do not shut down or restart the system at this time.
2022-06-25 09:06:58,855 INFO  [org.pentaho.platform.engine.core.system.status.PeriodicStatusLogger] Caution, the system is initializing. Do not shut down or restart the system at this time.
2022-06-25 09:07:31,466 INFO  [org.pentaho.platform.engine.core.system.status.PeriodicStatusLogger] Caution, the system is initializing. Do not shut down or restart the system at this time.
2022-06-25 09:08:07,569 INFO  [org.pentaho.platform.engine.core.system.status.PeriodicStatusLogger] Caution, the system is initializing. Do not shut down or restart the system at this time.
2022-06-25 09:09:04,008 INFO  [org.pentaho.platform.engine.core.system.status.PeriodicStatusLogger] Caution, the system is initializing. Do not shut down or restart the system at this time.
